// Enhance follower analysis 1755015620
// Improve analytics output 1755015620
// Improve analytics output 1755015620
// Improve analytics output 1755015620
// Refactor GitHub API client 1755094771
// Enhance follower analysis 1755094771
// Enhance follower analysis 1755094771
// Improve OAuth token handling 1755094771
// Fix incorrect relationship mapping 1755094771
// Enhance follower analysis 1755094771
// Fix incorrect relationship mapping 1755094771
// Enhance follower analysis 1755181141
// Improve analytics output 1755181141
// Refactor CLI commands 1755181141
// Fix non-mutual follower detection 1755181141
// Fix incorrect relationship mapping 1755181141
// Add repository activity chart 1755181141
// Fix non-mutual follower detection 1755181141
// Fix incorrect relationship mapping 1755181141
// Optimize API request batching 1755181141
// Enhance follower analysis 1755181141
// Add repository activity chart 1755216734
// Optimize API request batching 1755216734
// Add repository activity chart 1755216734
// Fix incorrect relationship mapping 1755216734
// Add repository activity chart 1755216734
// Refactor CLI commands 1755267513
// Refactor GitHub API client 1755267513
// Add repository activity chart 1755267513
// Refactor CLI commands 1755267513
// Enhance follower analysis 1755267513
// Fix non-mutual follower detection 1755353756
// Refactor CLI commands 1755353756
// Refactor GitHub API client 1755440186
// Enhance follower analysis 1755440186
// Improve OAuth token handling 1755526809
// Fix non-mutual follower detection 1755526809
// Refactor GitHub API client 1755526809
// Add repository activity chart 1755526809
// Fix incorrect relationship mapping 1755526809
// Fix non-mutual follower detection 1755526809
// Refactor CLI commands 1755526809
// Fix incorrect relationship mapping 1755613104
// Fix incorrect relationship mapping 1755613104
// Enhance follower analysis 1755613104
// Refactor CLI commands 1755613104
// Add starred repos analysis 1755613104
// Add starred repos analysis 1755613104
// Add starred repos analysis 1755613104
// Fix non-mutual follower detection 1755613104
// Improve OAuth token handling 1755699550
